[07-Nov-2017 22:50:47 UTC] PHP Warning:  mysqli_connect(): (HY000/1045): Access denied for user 'caiozed'@'localhost' (using password: YES) in /home/ubuntu/workspace/partials/database_connect.php on line 7
[07-Nov-2017 22:50:47 UTC] PHP Stack trace:
[07-Nov-2017 22:50:47 UTC] PHP   1. {main}() /home/ubuntu/workspace/partials/user_form.php:0
[07-Nov-2017 22:50:47 UTC] PHP   2. include() /home/ubuntu/workspace/partials/user_form.php:2
[07-Nov-2017 22:50:47 UTC] PHP   3. mysqli_connect() /home/ubuntu/workspace/partials/database_connect.php:7
[08-Nov-2017 22:08:46 UTC] PHP Fatal error:  Cannot use object of type mysqli_result as array in /home/ubuntu/workspace/partials/login_form.php on line 8
[08-Nov-2017 22:08:46 UTC] PHP Stack trace:
[08-Nov-2017 22:08:46 UTC] PHP   1. {main}() /home/ubuntu/workspace/partials/login_form.php:0
[08-Nov-2017 22:09:21 UTC] PHP Catchable fatal error:  Object of class mysqli_result could not be converted to string in /home/ubuntu/workspace/partials/login_form.php on line 8
[08-Nov-2017 22:09:21 UTC] PHP Stack trace:
[08-Nov-2017 22:09:21 UTC] PHP   1. {main}() /home/ubuntu/workspace/partials/login_form.php:0
[08-Nov-2017 22:09:36 UTC] PHP Catchable fatal error:  Object of class mysqli_result could not be converted to string in /home/ubuntu/workspace/partials/login_form.php on line 8
[08-Nov-2017 22:09:36 UTC] PHP Stack trace:
[08-Nov-2017 22:09:36 UTC] PHP   1. {main}() /home/ubuntu/workspace/partials/login_form.php:0
[08-Nov-2017 22:09:55 UTC] PHP Fatal error:  Cannot use object of type mysqli_result as array in /home/ubuntu/workspace/partials/login_form.php on line 8
[08-Nov-2017 22:09:55 UTC] PHP Stack trace:
[08-Nov-2017 22:09:55 UTC] PHP   1. {main}() /home/ubuntu/workspace/partials/login_form.php:0
[08-Nov-2017 22:16:01 UTC] PHP Fatal error:  Cannot use object of type mysqli_result as array in /home/ubuntu/workspace/partials/login_form.php on line 10
[08-Nov-2017 22:16:01 UTC] PHP Stack trace:
[08-Nov-2017 22:16:01 UTC] PHP   1. {main}() /home/ubuntu/workspace/partials/login_form.php:0
[08-Nov-2017 22:23:42 UTC] PHP Fatal error:  Cannot use object of type mysqli_result as array in /home/ubuntu/workspace/partials/login_form.php on line 9
[08-Nov-2017 22:23:42 UTC] PHP Stack trace:
[08-Nov-2017 22:23:42 UTC] PHP   1. {main}() /home/ubuntu/workspace/partials/login_form.php:0
[08-Nov-2017 22:34:12 UTC] PHP Catchable fatal error:  Object of class mysqli_result could not be converted to string in /home/ubuntu/workspace/partials/login_form.php on line 8
[08-Nov-2017 22:34:12 UTC] PHP Stack trace:
[08-Nov-2017 22:34:12 UTC] PHP   1. {main}() /home/ubuntu/workspace/partials/login_form.php:0
